This file contains any messages produced by compilers while
running configure, to aid debugging if configure makes a mistake.

It was created by CUnit configure 2.1-2, which was
generated by GNU Autoconf 2.67.  Invocation command line was

  $ ./configure --prefix=/usr

## --------- ##
## Platform. ##
## --------- ##

hostname = raspberrypi
uname -m = armv6l
uname -r = 3.10.23+
uname -s = Linux
uname -v = #608 PREEMPT Mon Dec 9 21:11:23 GMT 2013

/usr/bin/uname -p = unknown
/bin/uname -X     = unknown

/bin/arch              = unknown
/usr/bin/arch -k       = unknown
/usr/convex/getsysinfo = unknown
/usr/bin/hostinfo      = unknown
/bin/machine           = unknown
/usr/bin/oslevel       = unknown
/bin/universe          = unknown

PATH: /usr/local/sbin
PATH: /usr/local/bin
PATH: /usr/sbin
PATH: /usr/bin
PATH: /sbin
PATH: /bin
PATH: /usr/local/games
PATH: /usr/games


## ----------- ##
## Core tests. ##
## ----------- ##

configure:2388: checking for a BSD-compatible install
configure:2456: result: /usr/bin/install -c
configure:2467: checking whether build environment is sane
configure:2517: result: yes
configure:2545: WARNING: `missing' script is too old or missing
configure:2658: checking for a thread-safe mkdir -p
configure:2697: result: /bin/mkdir -p
configure:2710: checking for gawk
configure:2740: result: no
configure:2710: checking for mawk
configure:2726: found /usr/bin/mawk
configure:2737: result: mawk
configure:2748: checking whether make sets $(MAKE)
configure:2770: result: yes
configure:3103: checking for gcc
configure:3119: found /usr/bin/gcc
configure:3130: result: gcc
configure:3359: checking for C compiler version
configure:3368: gcc --version >&5
gcc (Debian 4.6.3-14+rpi1) 4.6.3
Copyright (C) 2011 Free Software Foundation, Inc.
This is free software; see the source for copying conditions.  There is NO
warranty; not even for MERCHANTABILITY or FITNESS FOR A PARTICULAR PURPOSE.

configure:3379: $? = 0
configure:3368: gcc -v >&5
Using built-in specs.
COLLECT_GCC=gcc
COLLECT_LTO_WRAPPER=/usr/lib/gcc/arm-linux-gnueabihf/4.6/lto-wrapper
Target: arm-linux-gnueabihf
Configured with: ../src/configure -v --with-pkgversion='Debian 4.6.3-14+rpi1' --with-bugurl=file:///usr/share/doc/gcc-4.6/README.Bugs --enable-languages=c,c++,fortran,objc,obj-c++ --prefix=/usr --program-suffix=-4.6 --enable-shared --enable-linker-build-id --with-system-zlib --libexecdir=/usr/lib --without-included-gettext --enable-threads=posix --with-gxx-include-dir=/usr/include/c++/4.6 --libdir=/usr/lib --enable-nls --with-sysroot=/ --enable-clocale=gnu --enable-libstdcxx-debug --enable-libstdcxx-time=yes --enable-gnu-unique-object --enable-plugin --enable-objc-gc --disable-sjlj-exceptions --with-arch=armv6 --with-fpu=vfp --with-float=hard --enable-checking=release --build=arm-linux-gnueabihf --host=arm-linux-gnueabihf --target=arm-linux-gnueabihf
Thread model: posix
gcc version 4.6.3 (Debian 4.6.3-14+rpi1) 
configure:3379: $? = 0
configure:3368: gcc -V >&5
gcc: error: unrecognized option '-V'
gcc: fatal error: no input files
compilation terminated.
configure:3379: $? = 4
configure:3368: gcc -qversion >&5
gcc: error: unrecognized option '-qversion'
gcc: fatal error: no input files
compilation terminated.
configure:3379: $? = 4
configure:3399: checking whether the C compiler works
configure:3421: gcc  -DRELEASE=@RELEASE@ -Wall -W -pedantic -Wshadow -ansi -I/media/workspace/Robocup/CUnit-2.1-2/CUnit/Headers   -L/media/workspace/Robocup/CUnit-2.1-2/CUnit/Sources conftest.c  >&5
configure:3425: $? = 0
configure:3473: result: yes
configure:3476: checking for C compiler default output file name
configure:3478: result: a.out
configure:3484: checking for suffix of executables
configure:3491: gcc -o conftest  -DRELEASE=@RELEASE@ -Wall -W -pedantic -Wshadow -ansi -I/media/workspace/Robocup/CUnit-2.1-2/CUnit/Headers   -L/media/workspace/Robocup/CUnit-2.1-2/CUnit/Sources conftest.c  >&5
configure:3495: $? = 0
configure:3517: result: 
configure:3539: checking whether we are cross compiling
configure:3547: gcc -o conftest  -DRELEASE=@RELEASE@ -Wall -W -pedantic -Wshadow -ansi -I/media/workspace/Robocup/CUnit-2.1-2/CUnit/Headers   -L/media/workspace/Robocup/CUnit-2.1-2/CUnit/Sources conftest.c  >&5
configure:3551: $? = 0
configure:3558: ./conftest
configure:3562: $? = 0
configure:3577: result: no
configure:3582: checking for suffix of object files
configure:3604: gcc -c  -DRELEASE=@RELEASE@ -Wall -W -pedantic -Wshadow -ansi -I/media/workspace/Robocup/CUnit-2.1-2/CUnit/Headers  conftest.c >&5
configure:3608: $? = 0
configure:3629: result: o
configure:3633: checking whether we are using the GNU C compiler
configure:3652: gcc -c  -DRELEASE=@RELEASE@ -Wall -W -pedantic -Wshadow -ansi -I/media/workspace/Robocup/CUnit-2.1-2/CUnit/Headers  conftest.c >&5
configure:3652: $? = 0
configure:3661: result: yes
configure:3670: checking whether gcc accepts -g
configure:3690: gcc -c -g  conftest.c >&5
configure:3690: $? = 0
configure:3731: result: yes
configure:3748: checking for gcc option to accept ISO C89
configure:3812: gcc  -c  -DRELEASE=@RELEASE@ -Wall -W -pedantic -Wshadow -ansi -I/media/workspace/Robocup/CUnit-2.1-2/CUnit/Headers  conftest.c >&5
configure:3812: $? = 0
configure:3825: result: none needed
configure:3856: checking for style of include used by make
configure:3884: result: GNU
configure:3909: checking dependency style of gcc
configure:4019: result: gcc3
configure:4035: checking whether make sets $(MAKE)
configure:4057: result: yes
configure:4095: checking build system type
configure:4109: result: armv6l-unknown-linux-gnueabi
configure:4129: checking host system type
configure:4142: result: armv6l-unknown-linux-gnueabi
configure:4162: checking for a sed that does not truncate output
configure:4226: result: /bin/sed
configure:4244: checking for grep that handles long lines and -e
configure:4302: result: /bin/grep
configure:4307: checking for egrep
configure:4369: result: /bin/grep -E
configure:4374: checking for fgrep
configure:4436: result: /bin/grep -F
configure:4471: checking for ld used by gcc
configure:4538: result: /usr/bin/ld
configure:4545: checking if the linker (/usr/bin/ld) is GNU ld
configure:4560: result: yes
configure:4572: checking for BSD- or MS-compatible name lister (nm)
configure:4621: result: /usr/bin/nm -B
configure:4739: checking the name lister (/usr/bin/nm -B) interface
configure:4746: gcc -c  -DRELEASE=@RELEASE@ -Wall -W -pedantic -Wshadow -ansi -I/media/workspace/Robocup/CUnit-2.1-2/CUnit/Headers  conftest.c >&5
configure:4749: /usr/bin/nm -B "conftest.o"
configure:4752: output
00000000 B some_variable
configure:4759: result: BSD nm
configure:4762: checking whether ln -s works
configure:4766: result: yes
configure:4774: checking the maximum length of command line arguments
configure:4894: result: 1572864
configure:4911: checking whether the shell understands some XSI constructs
configure:4921: result: yes
configure:4925: checking whether the shell understands "+="
configure:4931: result: yes
configure:4966: checking for /usr/bin/ld option to reload object files
configure:4973: result: -r
configure:5042: checking for objdump
configure:5058: found /usr/bin/objdump
configure:5069: result: objdump
configure:5101: checking how to recognize dependent libraries
configure:5297: result: pass_all
configure:5357: checking for ar
configure:5373: found /usr/bin/ar
configure:5384: result: ar
configure:5462: checking for strip
configure:5478: found /usr/bin/strip
configure:5489: result: strip
configure:5561: checking for ranlib
configure:5577: found /usr/bin/ranlib
configure:5588: result: ranlib
configure:5678: checking command to parse /usr/bin/nm -B output from gcc object
configure:5796: gcc -c  -DRELEASE=@RELEASE@ -Wall -W -pedantic -Wshadow -ansi -I/media/workspace/Robocup/CUnit-2.1-2/CUnit/Headers  conftest.c >&5
configure:5799: $? = 0
configure:5803: /usr/bin/nm -B conftest.o \| sed -n -e 's/^.*[	 ]\([ABCDGIRSTW][ABCDGIRSTW]*\)[	 ][	 ]*\([_A-Za-z][_A-Za-z0-9]*\)$/\1 \2 \2/p' \> conftest.nm
configure:5806: $? = 0
configure:5860: gcc -o conftest  -DRELEASE=@RELEASE@ -Wall -W -pedantic -Wshadow -ansi -I/media/workspace/Robocup/CUnit-2.1-2/CUnit/Headers   -L/media/workspace/Robocup/CUnit-2.1-2/CUnit/Sources conftest.c conftstm.o >&5
conftest.c:17:20: warning: ISO C forbids conversion of function pointer to object pointer type [-pedantic]
configure:5863: $? = 0
configure:5901: result: ok
configure:6710: checking how to run the C preprocessor
configure:6741: gcc -E  conftest.c
configure:6741: $? = 0
configure:6755: gcc -E  conftest.c
conftest.c:11:28: fatal error: ac_nonexistent.h: No such file or directory
compilation terminated.
configure:6755: $? = 1
configure: failed program was:
| /* confdefs.h */
| #define PACKAGE_NAME "CUnit"
| #define PACKAGE_TARNAME "cunit"
| #define PACKAGE_VERSION "2.1-2"
| #define PACKAGE_STRING "CUnit 2.1-2"
| #define PACKAGE_BUGREPORT ""
| #define PACKAGE_URL ""
| #define PACKAGE "CUnit"
| #define VERSION "2.1-2"
| /* end confdefs.h.  */
| #include <ac_nonexistent.h>
configure:6780: result: gcc -E
configure:6800: gcc -E  conftest.c
configure:6800: $? = 0
configure:6814: gcc -E  conftest.c
conftest.c:11:28: fatal error: ac_nonexistent.h: No such file or directory
compilation terminated.
configure:6814: $? = 1
configure: failed program was:
| /* confdefs.h */
| #define PACKAGE_NAME "CUnit"
| #define PACKAGE_TARNAME "cunit"
| #define PACKAGE_VERSION "2.1-2"
| #define PACKAGE_STRING "CUnit 2.1-2"
| #define PACKAGE_BUGREPORT ""
| #define PACKAGE_URL ""
| #define PACKAGE "CUnit"
| #define VERSION "2.1-2"
| /* end confdefs.h.  */
| #include <ac_nonexistent.h>
configure:6843: checking for ANSI C header files
configure:6863: gcc -c  -DRELEASE=@RELEASE@ -Wall -W -pedantic -Wshadow -ansi -I/media/workspace/Robocup/CUnit-2.1-2/CUnit/Headers  conftest.c >&5
configure:6863: $? = 0
configure:6936: gcc -o conftest  -DRELEASE=@RELEASE@ -Wall -W -pedantic -Wshadow -ansi -I/media/workspace/Robocup/CUnit-2.1-2/CUnit/Headers   -L/media/workspace/Robocup/CUnit-2.1-2/CUnit/Sources conftest.c  >&5
configure:6936: $? = 0
configure:6936: ./conftest
configure:6936: $? = 0
configure:6947: result: yes
configure:6960: checking for sys/types.h
configure:6960: gcc -c  -DRELEASE=@RELEASE@ -Wall -W -pedantic -Wshadow -ansi -I/media/workspace/Robocup/CUnit-2.1-2/CUnit/Headers  conftest.c >&5
configure:6960: $? = 0
configure:6960: result: yes
configure:6960: checking for sys/stat.h
configure:6960: gcc -c  -DRELEASE=@RELEASE@ -Wall -W -pedantic -Wshadow -ansi -I/media/workspace/Robocup/CUnit-2.1-2/CUnit/Headers  conftest.c >&5
configure:6960: $? = 0
configure:6960: result: yes
configure:6960: checking for stdlib.h
configure:6960: gcc -c  -DRELEASE=@RELEASE@ -Wall -W -pedantic -Wshadow -ansi -I/media/workspace/Robocup/CUnit-2.1-2/CUnit/Headers  conftest.c >&5
configure:6960: $? = 0
configure:6960: result: yes
configure:6960: checking for string.h
configure:6960: gcc -c  -DRELEASE=@RELEASE@ -Wall -W -pedantic -Wshadow -ansi -I/media/workspace/Robocup/CUnit-2.1-2/CUnit/Headers  conftest.c >&5
configure:6960: $? = 0
configure:6960: result: yes
configure:6960: checking for memory.h
configure:6960: gcc -c  -DRELEASE=@RELEASE@ -Wall -W -pedantic -Wshadow -ansi -I/media/workspace/Robocup/CUnit-2.1-2/CUnit/Headers  conftest.c >&5
configure:6960: $? = 0
configure:6960: result: yes
configure:6960: checking for strings.h
configure:6960: gcc -c  -DRELEASE=@RELEASE@ -Wall -W -pedantic -Wshadow -ansi -I/media/workspace/Robocup/CUnit-2.1-2/CUnit/Headers  conftest.c >&5
configure:6960: $? = 0
configure:6960: result: yes
configure:6960: checking for inttypes.h
configure:6960: gcc -c  -DRELEASE=@RELEASE@ -Wall -W -pedantic -Wshadow -ansi -I/media/workspace/Robocup/CUnit-2.1-2/CUnit/Headers  conftest.c >&5
configure:6960: $? = 0
configure:6960: result: yes
configure:6960: checking for stdint.h
configure:6960: gcc -c  -DRELEASE=@RELEASE@ -Wall -W -pedantic -Wshadow -ansi -I/media/workspace/Robocup/CUnit-2.1-2/CUnit/Headers  conftest.c >&5
configure:6960: $? = 0
configure:6960: result: yes
configure:6960: checking for unistd.h
configure:6960: gcc -c  -DRELEASE=@RELEASE@ -Wall -W -pedantic -Wshadow -ansi -I/media/workspace/Robocup/CUnit-2.1-2/CUnit/Headers  conftest.c >&5
configure:6960: $? = 0
configure:6960: result: yes
configure:6974: checking for dlfcn.h
configure:6974: gcc -c  -DRELEASE=@RELEASE@ -Wall -W -pedantic -Wshadow -ansi -I/media/workspace/Robocup/CUnit-2.1-2/CUnit/Headers  conftest.c >&5
configure:6974: $? = 0
configure:6974: result: yes
configure:7158: checking for objdir
configure:7173: result: .libs
configure:7465: checking if gcc supports -fno-rtti -fno-exceptions
configure:7483: gcc -c  -DRELEASE=@RELEASE@ -Wall -W -pedantic -Wshadow -ansi -I/media/workspace/Robocup/CUnit-2.1-2/CUnit/Headers  -fno-rtti -fno-exceptions conftest.c >&5
cc1: warning: command line option '-fno-rtti' is valid for C++/ObjC++ but not for C [enabled by default]
configure:7487: $? = 0
configure:7500: result: no
configure:7520: checking for gcc option to produce PIC
configure:7792: result: -fPIC -DPIC
configure:7804: checking if gcc PIC flag -fPIC -DPIC works
configure:7822: gcc -c  -DRELEASE=@RELEASE@ -Wall -W -pedantic -Wshadow -ansi -I/media/workspace/Robocup/CUnit-2.1-2/CUnit/Headers  -fPIC -DPIC -DPIC conftest.c >&5
configure:7826: $? = 0
configure:7839: result: yes
configure:7863: checking if gcc static flag -static works
configure:7891: result: yes
configure:7906: checking if gcc supports -c -o file.o
configure:7927: gcc -c  -DRELEASE=@RELEASE@ -Wall -W -pedantic -Wshadow -ansi -I/media/workspace/Robocup/CUnit-2.1-2/CUnit/Headers  -o out/conftest2.o conftest.c >&5
configure:7931: $? = 0
configure:7953: result: yes
configure:7961: checking if gcc supports -c -o file.o
configure:8008: result: yes
configure:8041: checking whether the gcc linker (/usr/bin/ld) supports shared libraries
configure:9032: result: yes
configure:9069: checking whether -lc should be explicitly linked in
configure:9074: gcc -c  -DRELEASE=@RELEASE@ -Wall -W -pedantic -Wshadow -ansi -I/media/workspace/Robocup/CUnit-2.1-2/CUnit/Headers  conftest.c >&5
configure:9077: $? = 0
configure:9092: gcc -shared conftest.o  -v -Wl,-soname -Wl,conftest -o conftest 2\>\&1 \| /bin/grep  -lc  \>/dev/null 2\>\&1
configure:9095: $? = 0
configure:9107: result: no
configure:9271: checking dynamic linker characteristics
configure:9704: gcc -o conftest  -DRELEASE=@RELEASE@ -Wall -W -pedantic -Wshadow -ansi -I/media/workspace/Robocup/CUnit-2.1-2/CUnit/Headers   -L/media/workspace/Robocup/CUnit-2.1-2/CUnit/Sources -Wl,-rpath -Wl,/foo conftest.c  >&5
configure:9704: $? = 0
configure:9934: result: GNU/Linux ld.so
configure:10036: checking how to hardcode library paths into programs
configure:10061: result: immediate
configure:10581: checking whether stripping libraries is possible
configure:10586: result: yes
configure:10621: checking if libtool supports shared libraries
configure:10623: result: yes
configure:10626: checking whether to build shared libraries
configure:10647: result: yes
configure:10650: checking whether to build static libraries
configure:10654: result: yes
configure:10690: checking for main in -lc
configure:10709: gcc -o conftest  -DRELEASE=@RELEASE@ -Wall -W -pedantic -Wshadow -ansi -I/media/workspace/Robocup/CUnit-2.1-2/CUnit/Headers   -L/media/workspace/Robocup/CUnit-2.1-2/CUnit/Sources conftest.c -lc   >&5
configure:10709: $? = 0
configure:10718: result: yes
configure:10835: checking for malloc
configure:10835: gcc -o conftest  -DRELEASE=@RELEASE@ -Wall -W -pedantic -Wshadow -ansi -I/media/workspace/Robocup/CUnit-2.1-2/CUnit/Headers   -L/media/workspace/Robocup/CUnit-2.1-2/CUnit/Sources conftest.c -lc  >&5
conftest.c:47:6: warning: conflicting types for built-in function 'malloc' [enabled by default]
configure:10835: $? = 0
configure:10835: result: yes
configure:10842: checking for free
configure:10842: gcc -o conftest  -DRELEASE=@RELEASE@ -Wall -W -pedantic -Wshadow -ansi -I/media/workspace/Robocup/CUnit-2.1-2/CUnit/Headers   -L/media/workspace/Robocup/CUnit-2.1-2/CUnit/Sources conftest.c -lc  >&5
conftest.c:47:6: warning: conflicting types for built-in function 'free' [enabled by default]
configure:10842: $? = 0
configure:10842: result: yes
configure:10849: checking for calloc
configure:10849: gcc -o conftest  -DRELEASE=@RELEASE@ -Wall -W -pedantic -Wshadow -ansi -I/media/workspace/Robocup/CUnit-2.1-2/CUnit/Headers   -L/media/workspace/Robocup/CUnit-2.1-2/CUnit/Sources conftest.c -lc  >&5
conftest.c:47:6: warning: conflicting types for built-in function 'calloc' [enabled by default]
configure:10849: $? = 0
configure:10849: result: yes
configure:10856: checking for realloc
configure:10856: gcc -o conftest  -DRELEASE=@RELEASE@ -Wall -W -pedantic -Wshadow -ansi -I/media/workspace/Robocup/CUnit-2.1-2/CUnit/Headers   -L/media/workspace/Robocup/CUnit-2.1-2/CUnit/Sources conftest.c -lc  >&5
conftest.c:47:6: warning: conflicting types for built-in function 'realloc' [enabled by default]
configure:10856: $? = 0
configure:10856: result: yes
configure:10864: checking for strcpy
configure:10864: gcc -o conftest  -DRELEASE=@RELEASE@ -Wall -W -pedantic -Wshadow -ansi -I/media/workspace/Robocup/CUnit-2.1-2/CUnit/Headers   -L/media/workspace/Robocup/CUnit-2.1-2/CUnit/Sources conftest.c -lc  >&5
conftest.c:47:6: warning: conflicting types for built-in function 'strcpy' [enabled by default]
configure:10864: $? = 0
configure:10864: result: yes
configure:10871: checking for strerror
configure:10871: gcc -o conftest  -DRELEASE=@RELEASE@ -Wall -W -pedantic -Wshadow -ansi -I/media/workspace/Robocup/CUnit-2.1-2/CUnit/Headers   -L/media/workspace/Robocup/CUnit-2.1-2/CUnit/Sources conftest.c -lc  >&5
configure:10871: $? = 0
configure:10871: result: yes
configure:10879: checking for fopen
configure:10879: gcc -o conftest  -DRELEASE=@RELEASE@ -Wall -W -pedantic -Wshadow -ansi -I/media/workspace/Robocup/CUnit-2.1-2/CUnit/Headers   -L/media/workspace/Robocup/CUnit-2.1-2/CUnit/Sources conftest.c -lc  >&5
configure:10879: $? = 0
configure:10879: result: yes
configure:10886: checking for fclose
configure:10886: gcc -o conftest  -DRELEASE=@RELEASE@ -Wall -W -pedantic -Wshadow -ansi -I/media/workspace/Robocup/CUnit-2.1-2/CUnit/Headers   -L/media/workspace/Robocup/CUnit-2.1-2/CUnit/Sources conftest.c -lc  >&5
configure:10886: $? = 0
configure:10886: result: yes
configure:10893: checking for fprintf
configure:10893: gcc -o conftest  -DRELEASE=@RELEASE@ -Wall -W -pedantic -Wshadow -ansi -I/media/workspace/Robocup/CUnit-2.1-2/CUnit/Headers   -L/media/workspace/Robocup/CUnit-2.1-2/CUnit/Sources conftest.c -lc  >&5
conftest.c:47:6: warning: conflicting types for built-in function 'fprintf' [enabled by default]
configure:10893: $? = 0
configure:10893: result: yes
configure:10900: checking for setvbuf
configure:10900: gcc -o conftest  -DRELEASE=@RELEASE@ -Wall -W -pedantic -Wshadow -ansi -I/media/workspace/Robocup/CUnit-2.1-2/CUnit/Headers   -L/media/workspace/Robocup/CUnit-2.1-2/CUnit/Sources conftest.c -lc  >&5
configure:10900: $? = 0
configure:10900: result: yes
configure:10908: checking for time
configure:10908: gcc -o conftest  -DRELEASE=@RELEASE@ -Wall -W -pedantic -Wshadow -ansi -I/media/workspace/Robocup/CUnit-2.1-2/CUnit/Headers   -L/media/workspace/Robocup/CUnit-2.1-2/CUnit/Sources conftest.c -lc  >&5
configure:10908: $? = 0
configure:10908: result: yes
configure:10915: checking for ctime
configure:10915: gcc -o conftest  -DRELEASE=@RELEASE@ -Wall -W -pedantic -Wshadow -ansi -I/media/workspace/Robocup/CUnit-2.1-2/CUnit/Headers   -L/media/workspace/Robocup/CUnit-2.1-2/CUnit/Sources conftest.c -lc  >&5
configure:10915: $? = 0
configure:10915: result: yes
configure:10923: checking for ANSI C header files
configure:11027: result: yes
configure:11037: checking assert.h usability
configure:11037: gcc -c  -DRELEASE=@RELEASE@ -Wall -W -pedantic -Wshadow -ansi -I/media/workspace/Robocup/CUnit-2.1-2/CUnit/Headers  conftest.c >&5
configure:11037: $? = 0
configure:11037: result: yes
configure:11037: checking assert.h presence
configure:11037: gcc -E  conftest.c
configure:11037: $? = 0
configure:11037: result: yes
configure:11037: checking for assert.h
configure:11037: result: yes
configure:11049: checking ctype.h usability
configure:11049: gcc -c  -DRELEASE=@RELEASE@ -Wall -W -pedantic -Wshadow -ansi -I/media/workspace/Robocup/CUnit-2.1-2/CUnit/Headers  conftest.c >&5
configure:11049: $? = 0
configure:11049: result: yes
configure:11049: checking ctype.h presence
configure:11049: gcc -E  conftest.c
configure:11049: $? = 0
configure:11049: result: yes
configure:11049: checking for ctype.h
configure:11049: result: yes
configure:11061: checking math.h usability
configure:11061: gcc -c  -DRELEASE=@RELEASE@ -Wall -W -pedantic -Wshadow -ansi -I/media/workspace/Robocup/CUnit-2.1-2/CUnit/Headers  conftest.c >&5
configure:11061: $? = 0
configure:11061: result: yes
configure:11061: checking math.h presence
configure:11061: gcc -E  conftest.c
configure:11061: $? = 0
configure:11061: result: yes
configure:11061: checking for math.h
configure:11061: result: yes
configure:11073: checking file.h usability
configure:11073: gcc -c  -DRELEASE=@RELEASE@ -Wall -W -pedantic -Wshadow -ansi -I/media/workspace/Robocup/CUnit-2.1-2/CUnit/Headers  conftest.c >&5
conftest.c:61:18: fatal error: file.h: No such file or directory
compilation terminated.
configure:11073: $? = 1
configure: failed program was:
| /* confdefs.h */
| #define PACKAGE_NAME "CUnit"
| #define PACKAGE_TARNAME "cunit"
| #define PACKAGE_VERSION "2.1-2"
| #define PACKAGE_STRING "CUnit 2.1-2"
| #define PACKAGE_BUGREPORT ""
| #define PACKAGE_URL ""
| #define PACKAGE "CUnit"
| #define VERSION "2.1-2"
| #define STDC_HEADERS 1
| #define HAVE_SYS_TYPES_H 1
| #define HAVE_SYS_STAT_H 1
| #define HAVE_STDLIB_H 1
| #define HAVE_STRING_H 1
| #define HAVE_MEMORY_H 1
| #define HAVE_STRINGS_H 1
| #define HAVE_INTTYPES_H 1
| #define HAVE_STDINT_H 1
| #define HAVE_UNISTD_H 1
| #define HAVE_DLFCN_H 1
| #define LT_OBJDIR ".libs/"
| #define HAVE_LIBC 1
| #define STDC_HEADERS 1
| #define HAVE_ASSERT_H 1
| #define HAVE_CTYPE_H 1
| #define HAVE_MATH_H 1
| /* end confdefs.h.  */
| #include <stdio.h>
| #ifdef HAVE_SYS_TYPES_H
| # include <sys/types.h>
| #endif
| #ifdef HAVE_SYS_STAT_H
| # include <sys/stat.h>
| #endif
| #ifdef STDC_HEADERS
| # include <stdlib.h>
| # include <stddef.h>
| #else
| # ifdef HAVE_STDLIB_H
| #  include <stdlib.h>
| # endif
| #endif
| #ifdef HAVE_STRING_H
| # if !defined STDC_HEADERS && defined HAVE_MEMORY_H
| #  include <memory.h>
| # endif
| # include <string.h>
| #endif
| #ifdef HAVE_STRINGS_H
| # include <strings.h>
| #endif
| #ifdef HAVE_INTTYPES_H
| # include <inttypes.h>
| #endif
| #ifdef HAVE_STDINT_H
| # include <stdint.h>
| #endif
| #ifdef HAVE_UNISTD_H
| # include <unistd.h>
| #endif
| #include <file.h>
configure:11073: result: no
configure:11073: checking file.h presence
configure:11073: gcc -E  conftest.c
conftest.c:28:18: fatal error: file.h: No such file or directory
compilation terminated.
configure:11073: $? = 1
configure: failed program was:
| /* confdefs.h */
| #define PACKAGE_NAME "CUnit"
| #define PACKAGE_TARNAME "cunit"
| #define PACKAGE_VERSION "2.1-2"
| #define PACKAGE_STRING "CUnit 2.1-2"
| #define PACKAGE_BUGREPORT ""
| #define PACKAGE_URL ""
| #define PACKAGE "CUnit"
| #define VERSION "2.1-2"
| #define STDC_HEADERS 1
| #define HAVE_SYS_TYPES_H 1
| #define HAVE_SYS_STAT_H 1
| #define HAVE_STDLIB_H 1
| #define HAVE_STRING_H 1
| #define HAVE_MEMORY_H 1
| #define HAVE_STRINGS_H 1
| #define HAVE_INTTYPES_H 1
| #define HAVE_STDINT_H 1
| #define HAVE_UNISTD_H 1
| #define HAVE_DLFCN_H 1
| #define LT_OBJDIR ".libs/"
| #define HAVE_LIBC 1
| #define STDC_HEADERS 1
| #define HAVE_ASSERT_H 1
| #define HAVE_CTYPE_H 1
| #define HAVE_MATH_H 1
| /* end confdefs.h.  */
| #include <file.h>
configure:11073: result: no
configure:11073: checking for file.h
configure:11073: result: no
configure:11085: checking stdio.h usability
configure:11085: gcc -c  -DRELEASE=@RELEASE@ -Wall -W -pedantic -Wshadow -ansi -I/media/workspace/Robocup/CUnit-2.1-2/CUnit/Headers  conftest.c >&5
configure:11085: $? = 0
configure:11085: result: yes
configure:11085: checking stdio.h presence
configure:11085: gcc -E  conftest.c
configure:11085: $? = 0
configure:11085: result: yes
configure:11085: checking for stdio.h
configure:11085: result: yes
configure:11097: checking for stdlib.h
configure:11097: result: yes
configure:11109: checking for string.h
configure:11109: result: yes
configure:11123: checking for an ANSI C-conforming const
configure:11188: gcc -c  -DRELEASE=@RELEASE@ -Wall -W -pedantic -Wshadow -ansi -I/media/workspace/Robocup/CUnit-2.1-2/CUnit/Headers  conftest.c >&5
conftest.c: In function 'main':
conftest.c:60:10: warning: 't' is used uninitialized in this function [-Wuninitialized]
conftest.c:76:23: warning: 'b' may be used uninitialized in this function [-Wuninitialized]
configure:11188: $? = 0
configure:11195: result: yes
configure:11374: creating ./config.status

## ---------------------- ##
## Running config.status. ##
## ---------------------- ##

This file was extended by CUnit config.status 2.1-2, which was
generated by GNU Autoconf 2.67.  Invocation command line was

  CONFIG_FILES    = 
  CONFIG_HEADERS  = 
  CONFIG_LINKS    = 
  CONFIG_COMMANDS = 
  $ ./config.status 

on raspberrypi

config.status:1129: creating Jamrules
config.status:1129: creating Makefile
config.status:1129: creating CUnit.spec
config.status:1129: creating cunit.pc
config.status:1129: creating CUnit/Makefile
config.status:1129: creating CUnit/Headers/Makefile
config.status:1129: creating CUnit/Headers/CUnit.h
config.status:1129: creating CUnit/Sources/Makefile
config.status:1129: creating CUnit/Sources/Framework/Makefile
config.status:1129: creating CUnit/Sources/Automated/Makefile
config.status:1129: creating CUnit/Sources/Basic/Makefile
config.status:1129: creating CUnit/Sources/Console/Makefile
config.status:1129: creating CUnit/Sources/Curses/Makefile
config.status:1129: creating CUnit/Sources/Test/Makefile
config.status:1129: creating doc/Makefile
config.status:1129: creating doc/headers/Makefile
config.status:1129: creating Examples/Makefile
config.status:1129: creating Examples/AutomatedTest/Makefile
config.status:1129: creating Examples/BasicTest/Makefile
config.status:1129: creating Examples/ConsoleTest/Makefile
config.status:1129: creating Examples/CursesTest/Makefile
config.status:1129: creating Man/Makefile
config.status:1129: creating Man/man3/Makefile
config.status:1129: creating Share/Makefile
config.status:1129: creating config.h
config.status:1357: executing depfiles commands
config.status:1357: executing libtool commands

## ---------------- ##
## Cache variables. ##
## ---------------- ##

ac_cv_build=armv6l-unknown-linux-gnueabi
ac_cv_c_compiler_gnu=yes
ac_cv_c_const=yes
ac_cv_env_CC_set=
ac_cv_env_CC_value=
ac_cv_env_CFLAGS_set=
ac_cv_env_CFLAGS_value=
ac_cv_env_CPPFLAGS_set=
ac_cv_env_CPPFLAGS_value=
ac_cv_env_CPP_set=
ac_cv_env_CPP_value=
ac_cv_env_LDFLAGS_set=
ac_cv_env_LDFLAGS_value=
ac_cv_env_LIBS_set=
ac_cv_env_LIBS_value=
ac_cv_env_build_alias_set=
ac_cv_env_build_alias_value=
ac_cv_env_host_alias_set=
ac_cv_env_host_alias_value=
ac_cv_env_target_alias_set=
ac_cv_env_target_alias_value=
ac_cv_func_calloc=yes
ac_cv_func_ctime=yes
ac_cv_func_fclose=yes
ac_cv_func_fopen=yes
ac_cv_func_fprintf=yes
ac_cv_func_free=yes
ac_cv_func_malloc=yes
ac_cv_func_realloc=yes
ac_cv_func_setvbuf=yes
ac_cv_func_strcpy=yes
ac_cv_func_strerror=yes
ac_cv_func_time=yes
ac_cv_header_assert_h=yes
ac_cv_header_ctype_h=yes
ac_cv_header_dlfcn_h=yes
ac_cv_header_file_h=no
ac_cv_header_inttypes_h=yes
ac_cv_header_math_h=yes
ac_cv_header_memory_h=yes
ac_cv_header_stdc=yes
ac_cv_header_stdint_h=yes
ac_cv_header_stdio_h=yes
ac_cv_header_stdlib_h=yes
ac_cv_header_string_h=yes
ac_cv_header_strings_h=yes
ac_cv_header_sys_stat_h=yes
ac_cv_header_sys_types_h=yes
ac_cv_header_unistd_h=yes
ac_cv_host=armv6l-unknown-linux-gnueabi
ac_cv_lib_c_main=yes
ac_cv_objext=o
ac_cv_path_EGREP='/bin/grep -E'
ac_cv_path_FGREP='/bin/grep -F'
ac_cv_path_GREP=/bin/grep
ac_cv_path_SED=/bin/sed
ac_cv_path_install='/usr/bin/install -c'
ac_cv_path_mkdir=/bin/mkdir
ac_cv_prog_AWK=mawk
ac_cv_prog_CPP='gcc -E'
ac_cv_prog_ac_ct_AR=ar
ac_cv_prog_ac_ct_CC=gcc
ac_cv_prog_ac_ct_OBJDUMP=objdump
ac_cv_prog_ac_ct_RANLIB=ranlib
ac_cv_prog_ac_ct_STRIP=strip
ac_cv_prog_cc_c89=
ac_cv_prog_cc_g=yes
ac_cv_prog_make_make_set=yes
am_cv_CC_dependencies_compiler_type=gcc3
lt_cv_deplibs_check_method=pass_all
lt_cv_file_magic_cmd='$MAGIC_CMD'
lt_cv_file_magic_test_file=
lt_cv_ld_reload_flag=-r
lt_cv_nm_interface='BSD nm'
lt_cv_objdir=.libs
lt_cv_path_LD=/usr/bin/ld
lt_cv_path_NM='/usr/bin/nm -B'
lt_cv_prog_compiler_c_o=yes
lt_cv_prog_compiler_pic_works=yes
lt_cv_prog_compiler_rtti_exceptions=no
lt_cv_prog_compiler_static_works=yes
lt_cv_prog_gnu_ld=yes
lt_cv_sys_global_symbol_pipe='sed -n -e '\''s/^.*[	 ]\([ABCDGIRSTW][ABCDGIRSTW]*\)[	 ][	 ]*\([_A-Za-z][_A-Za-z0-9]*\)$/\1 \2 \2/p'\'''
lt_cv_sys_global_symbol_to_c_name_address='sed -n -e '\''s/^: \([^ ]*\) $/  {\"\1\", (void *) 0},/p'\'' -e '\''s/^[ABCDGIRSTW]* \([^ ]*\) \([^ ]*\)$/  {"\2", (void *) \&\2},/p'\'''
lt_cv_sys_global_symbol_to_c_name_address_lib_prefix='sed -n -e '\''s/^: \([^ ]*\) $/  {\"\1\", (void *) 0},/p'\'' -e '\''s/^[ABCDGIRSTW]* \([^ ]*\) \(lib[^ ]*\)$/  {"\2", (void *) \&\2},/p'\'' -e '\''s/^[ABCDGIRSTW]* \([^ ]*\) \([^ ]*\)$/  {"lib\2", (void *) \&\2},/p'\'''
lt_cv_sys_global_symbol_to_cdecl='sed -n -e '\''s/^T .* \(.*\)$/extern int \1();/p'\'' -e '\''s/^[ABCDGIRSTW]* .* \(.*\)$/extern char \1;/p'\'''
lt_cv_sys_max_cmd_len=1572864

## ----------------- ##
## Output variables. ##
## ----------------- ##

ACLOCAL='aclocal-1.11'
AMDEPBACKSLASH='\'
AMDEP_FALSE='#'
AMDEP_TRUE=''
AMTAR='tar'
AR='ar'
AUTOCONF='autoconf'
AUTOHEADER='autoheader'
AUTOMAKE='automake-1.11'
AWK='mawk'
BUILD_AUTOMATED='TRUE'
BUILD_BASIC='TRUE'
BUILD_CONSOLE='TRUE'
BUILD_CURSES='FALSE'
BUILD_EXAMPLES='FALSE'
BUILD_TEST='FALSE'
CC='gcc'
CCDEPMODE='depmode=gcc3'
CFLAGS=' -DRELEASE=@RELEASE@ -Wall -W -pedantic -Wshadow -ansi -I/media/workspace/Robocup/CUnit-2.1-2/CUnit/Headers'
CPP='gcc -E'
CPPFLAGS=''
CURSES_LIB=''
CYGPATH_W='echo'
DEFS='-DHAVE_CONFIG_H'
DEPDIR='.deps'
DSYMUTIL=''
DUMPBIN=''
ECHO_C=''
ECHO_N='-n'
ECHO_T=''
EGREP='/bin/grep -E'
ENABLE_AUTOMATED_FALSE='#'
ENABLE_AUTOMATED_TRUE=''
ENABLE_BASIC_FALSE='#'
ENABLE_BASIC_TRUE=''
ENABLE_CONSOLE_FALSE='#'
ENABLE_CONSOLE_TRUE=''
ENABLE_CURSES_FALSE=''
ENABLE_CURSES_TRUE='#'
ENABLE_DEBUG='FALSE'
ENABLE_DEPRECATED='FALSE'
ENABLE_EXAMPLES_FALSE=''
ENABLE_EXAMPLES_TRUE='#'
ENABLE_MEMTRACE='FALSE'
ENABLE_TEST_FALSE=''
ENABLE_TEST_TRUE='#'
EXEEXT=''
FGREP='/bin/grep -F'
GREP='/bin/grep'
INSTALL_DATA='${INSTALL} -m 644'
INSTALL_PROGRAM='${INSTALL}'
INSTALL_SCRIPT='${INSTALL}'
INSTALL_STRIP_PROGRAM='$(install_sh) -c -s'
LD='/usr/bin/ld'
LDFLAGS=' -L/media/workspace/Robocup/CUnit-2.1-2/CUnit/Sources'
LIBOBJS=''
LIBS='-lc '
LIBTOOL='$(SHELL) $(top_builddir)/libtool'
LIBTOOL_AGE='0'
LIBTOOL_CURRENT='1'
LIBTOOL_REVISION='1'
LIBTOOL_SUFFIX1='1'
LIBTOOL_SUFFIX='1.0.1'
LIPO=''
LN_S='ln -s'
LTLIBOBJS=''
MAKEINFO='makeinfo'
MKDIR_P='/bin/mkdir -p'
NM='/usr/bin/nm -B'
NMEDIT=''
OBJDUMP='objdump'
OBJEXT='o'
OTOOL64=''
OTOOL=''
PACKAGE='CUnit'
PACKAGE_BUGREPORT=''
PACKAGE_NAME='CUnit'
PACKAGE_STRING='CUnit 2.1-2'
PACKAGE_TARNAME='cunit'
PACKAGE_URL=''
PACKAGE_VERSION='2.1-2'
PATH_SEPARATOR=':'
RANLIB='ranlib'
RELEASE='2'
SED='/bin/sed'
SET_MAKE=''
SHELL='/bin/bash'
STRIP='strip'
VERSION='2.1'
VERSION_MAJOR='2'
VERSION_MINOR='1'
ac_ct_CC='gcc'
ac_ct_DUMPBIN=''
am__EXEEXT_FALSE=''
am__EXEEXT_TRUE='#'
am__fastdepCC_FALSE='#'
am__fastdepCC_TRUE=''
am__include='include'
am__isrc=''
am__leading_dot='.'
am__quote=''
am__tar='${AMTAR} chof - "$$tardir"'
am__untar='${AMTAR} xf -'
bindir='${exec_prefix}/bin'
build='armv6l-unknown-linux-gnueabi'
build_alias=''
build_cpu='armv6l'
build_os='linux-gnueabi'
build_vendor='unknown'
datadir='${datarootdir}'
datarootdir='${prefix}/share'
docdir='${datarootdir}/doc/${PACKAGE_TARNAME}'
dvidir='${docdir}'
exec_prefix='${prefix}'
host='armv6l-unknown-linux-gnueabi'
host_alias=''
host_cpu='armv6l'
host_os='linux-gnueabi'
host_vendor='unknown'
htmldir='${docdir}'
includedir='${prefix}/include'
infodir='${datarootdir}/info'
install_sh='${SHELL} /media/workspace/Robocup/CUnit-2.1-2/install-sh'
libdir='${exec_prefix}/lib'
libexecdir='${exec_prefix}/libexec'
localedir='${datarootdir}/locale'
localstatedir='${prefix}/var'
lt_ECHO='echo'
mandir='${datarootdir}/man'
mkdir_p='/bin/mkdir -p'
oldincludedir='/usr/include'
pdfdir='${docdir}'
prefix='/usr'
program_transform_name='s,x,x,'
psdir='${docdir}'
sbindir='${exec_prefix}/sbin'
sharedstatedir='${prefix}/com'
sysconfdir='${prefix}/etc'
target_alias=''

## ----------- ##
## confdefs.h. ##
## ----------- ##

/* confdefs.h */
#define PACKAGE_NAME "CUnit"
#define PACKAGE_TARNAME "cunit"
#define PACKAGE_VERSION "2.1-2"
#define PACKAGE_STRING "CUnit 2.1-2"
#define PACKAGE_BUGREPORT ""
#define PACKAGE_URL ""
#define PACKAGE "CUnit"
#define VERSION "2.1-2"
#define STDC_HEADERS 1
#define HAVE_SYS_TYPES_H 1
#define HAVE_SYS_STAT_H 1
#define HAVE_STDLIB_H 1
#define HAVE_STRING_H 1
#define HAVE_MEMORY_H 1
#define HAVE_STRINGS_H 1
#define HAVE_INTTYPES_H 1
#define HAVE_STDINT_H 1
#define HAVE_UNISTD_H 1
#define HAVE_DLFCN_H 1
#define LT_OBJDIR ".libs/"
#define HAVE_LIBC 1
#define STDC_HEADERS 1
#define HAVE_ASSERT_H 1
#define HAVE_CTYPE_H 1
#define HAVE_MATH_H 1
#define HAVE_STDIO_H 1
#define HAVE_STDLIB_H 1
#define HAVE_STRING_H 1

configure: exit 0
